<?xml version="1.0" encoding="UTF-8"?>
<testng-results skipped="0" failed="0" ignored="0" total="3" passed="3">
  <reporter-output>
  </reporter-output>
  <suite name="Default suite" duration-ms="12686" started-at="2018-04-12T20:38:09Z" finished-at="2018-04-12T20:38:21Z">
    <groups>
    </groups>
    <test name="Default test" duration-ms="12686" started-at="2018-04-12T20:38:09Z" finished-at="2018-04-12T20:38:21Z">
      <class name="Test.HotlineTest">
        <test-method status="PASS" signature="changeLanguageTest()[pri:1, instance:Test.HotlineTest@61c4eee0]" name="changeLanguageTest" duration-ms="4328" started-at="2018-04-12T20:38:09Z" finished-at="2018-04-12T20:38:13Z">
          <reporter-output>
          </reporter-output>
        </test-method> <!-- changeLanguageTest -->
        <test-method status="PASS" signature="navigateToPageTest()[pri:2, instance:Test.HotlineTest@61c4eee0]" name="navigateToPageTest" duration-ms="5340" started-at="2018-04-12T20:38:13Z" finished-at="2018-04-12T20:38:18Z">
          <reporter-output>
          </reporter-output>
        </test-method> <!-- navigateToPageTest -->
        <test-method status="PASS" signature="selectProductsTest()[pri:3, instance:Test.HotlineTest@61c4eee0]" name="selectProductsTest" duration-ms="2279" started-at="2018-04-12T20:38:18Z" finished-at="2018-04-12T20:38:21Z">
          <reporter-output>
          </reporter-output>
        </test-method> <!-- selectProductsTest -->
        <test-method status="PASS" signature="quit()[pri:0, instance:Test.HotlineTest@61c4eee0]" name="quit" is-config="true" duration-ms="718" started-at="2018-04-12T20:38:21Z" finished-at="2018-04-12T20:38:21Z">
          <reporter-output>
          </reporter-output>
        </test-method> <!-- quit -->
      </class> <!-- Test.HotlineTest -->
    </test> <!-- Default test -->
  </suite> <!-- Default suite -->
</testng-results>
