<?xml version="1.0" encoding="UTF-8"?>
<!-- Generated by org.testng.reporters.JUnitXMLReporter -->
<testsuite hostname="Tecra-R840" ignored="0" name="Default test" tests="3" failures="0" timestamp="12 квіт. 2018 20:38:21 GMT" time="12.686" errors="0">
  <testcase name="changeLanguageTest" time="4.328" classname="Test.HotlineTest"/>
  <testcase name="navigateToPageTest" time="5.34" classname="Test.HotlineTest"/>
  <testcase name="selectProductsTest" time="2.279" classname="Test.HotlineTest"/>
</testsuite> <!-- Default test -->
